  Building Custom Rule D:/Programming/C++/Curse_2/BattleModeling/BattleModeling/libs/freeglut-3.2.2/CMakeLists.txt
  fg_callbacks.c
  fg_cursor.c
  fg_display.c
  fg_ext.c
  fg_font_data.c
  fg_gamemode.c
  fg_geometry.c
  fg_gl2.c
  fg_init.c
  fg_input_devices.c
  fg_joystick.c
  fg_main.c
  fg_misc.c
  fg_overlay.c
  fg_spaceball.c
  fg_state.c
  fg_stroke_mono_roman.c
  fg_stroke_roman.c
  fg_structure.c
  fg_teapot.c
  Создание кода...
  Компиляция...
  fg_videoresize.c
  fg_window.c
  fg_font.c
  fg_menu.c
  fg_cursor_mswin.c
  fg_display_mswin.c
  fg_ext_mswin.c
  fg_gamemode_mswin.c
  fg_init_mswin.c
  fg_input_devices_mswin.c
  fg_joystick_mswin.c
  fg_main_mswin.c
  fg_menu_mswin.c
D:\Programming\C++\Curse_2\BattleModeling\BattleModeling\libs\freeglut-3.2.2\src\mswin\fg_main_mswin.c(47,80): warning C4312: приведение типов: преобразование из "unsigned int" в "pGetTouchInputInfo" большего размера
D:\Programming\C++\Curse_2\BattleModeling\BattleModeling\libs\freeglut-3.2.2\src\mswin\fg_main_mswin.c(48,92): warning C4312: приведение типов: преобразование из "unsigned int" в "pCloseTouchInputHandle" большего размера
D:\Programming\C++\Curse_2\BattleModeling\BattleModeling\libs\freeglut-3.2.2\src\mswin\fg_main_mswin.c(1508,67): warning C4312: приведение типов: преобразование из "unsigned int" в "pGetTouchInputInfo" большего размера
  fg_spaceball_mswin.c
  fg_state_mswin.c
  fg_structure_mswin.c
  fg_window_mswin.c
D:\Programming\C++\Curse_2\BattleModeling\BattleModeling\libs\freeglut-3.2.2\src\mswin\fg_window_mswin.c(85,86): warning C4312: приведение типов: преобразование из "unsigned int" в "pRegisterTouchWindow" большего размера
D:\Programming\C++\Curse_2\BattleModeling\BattleModeling\libs\freeglut-3.2.2\src\mswin\fg_window_mswin.c(730,71): warning C4312: приведение типов: преобразование из "unsigned int" в "pRegisterTouchWindow" большего размера
  fgSetupPixelFormat(): there is still some work to do here!
  xparsegeometry_repl.c
  Создание кода...
     Создается библиотека D:/Programming/C++/Curse_2/BattleModeling/BattleModeling/libs/builded_freeglut-3.2.2/lib/Debug/freeglutd.lib и объект D:/Programming/C++/Curse_2/BattleModeling/BattleModeling/libs/builded_freeglut-3.2.2/lib/Debug/freeglutd.exp
  freeglut.vcxproj -> D:\Programming\C++\Curse_2\BattleModeling\BattleModeling\libs\builded_freeglut-3.2.2\bin\Debug\freeglutd.dll
